<?xml version="1.0" encoding="UTF-8"?>
<testsuite name="com.smcgow.crmapi.CrmPropertiesYamlTest" tests="2" skipped="0" failures="0" errors="0" timestamp="2021-04-01T20:02:33" hostname="LAPTOP-B51PEBFB" time="0.651">
  <properties/>
  <testcase name="checkPersonAndCountryOperation()" classname="com.smcgow.crmapi.CrmPropertiesYamlTest" time="0.626"/>
  <testcase name="verifyCorrectNumberOperations()" classname="com.smcgow.crmapi.CrmPropertiesYamlTest" time="0.021"/>
  <system-out><![CDATA[21:02:32.681 [Test worker] DEBUG org.springframework.test.context.BootstrapUtils - Instantiating CacheAwareContextLoaderDelegate from class [org.springframework.test.context.cache.DefaultCacheAwareContextLoaderDelegate]
21:02:32.699 [Test worker] DEBUG org.springframework.test.context.BootstrapUtils - Instantiating BootstrapContext using constructor [public org.springframework.test.context.support.DefaultBootstrapContext(java.lang.Class,org.springframework.test.context.CacheAwareContextLoaderDelegate)]
21:02:32.734 [Test worker] DEBUG org.springframework.test.context.BootstrapUtils - Instantiating TestContextBootstrapper for test class [com.smcgow.crmapi.CrmPropertiesYamlTest] from class [org.springframework.test.context.support.DefaultTestContextBootstrapper]
21:02:32.761 [Test worker] DEBUG org.springframework.test.context.support.AbstractDelegatingSmartContextLoader - Delegating to GenericXmlContextLoader to process context configuration [ContextConfigurationAttributes@6cbc524f declaringClass = 'com.smcgow.crmapi.CrmPropertiesYamlTest', classes = '{}', locations = '{}', inheritLocations = true, initializers = '{class org.springframework.boot.test.context.ConfigDataApplicationContextInitializer}', inheritInitializers = true, name = [null], contextLoaderClass = 'org.springframework.test.context.ContextLoader'].
21:02:32.765 [Test worker] DEBUG org.springframework.test.context.support.AbstractContextLoader - Did not detect default resource location for test class [com.smcgow.crmapi.CrmPropertiesYamlTest]: class path resource [com/smcgow/crmapi/CrmPropertiesYamlTest-context.xml] does not exist
21:02:32.766 [Test worker] INFO org.springframework.test.context.support.AbstractContextLoader - Could not detect default resource locations for test class [com.smcgow.crmapi.CrmPropertiesYamlTest]: no resource found for suffixes {-context.xml}.
21:02:32.766 [Test worker] DEBUG org.springframework.test.context.support.AbstractDelegatingSmartContextLoader - Delegating to AnnotationConfigContextLoader to process context configuration [ContextConfigurationAttributes@6cbc524f declaringClass = 'com.smcgow.crmapi.CrmPropertiesYamlTest', classes = '{}', locations = '{}', inheritLocations = true, initializers = '{class org.springframework.boot.test.context.ConfigDataApplicationContextInitializer}', inheritInitializers = true, name = [null], contextLoaderClass = 'org.springframework.test.context.ContextLoader'].
21:02:32.767 [Test worker] INFO org.springframework.test.context.support.AnnotationConfigContextLoaderUtils - Could not detect default configuration classes for test class [com.smcgow.crmapi.CrmPropertiesYamlTest]: CrmPropertiesYamlTest does not declare any static, non-private, non-final, nested classes annotated with @Configuration.
21:02:32.836 [Test worker] DEBUG org.springframework.test.context.support.ActiveProfilesUtils - Could not find an 'annotation declaring class' for annotation type [org.springframework.test.context.ActiveProfiles] and class [com.smcgow.crmapi.CrmPropertiesYamlTest]
21:02:32.838 [Test worker] DEBUG org.springframework.test.context.support.DefaultTestContextBootstrapper - @TestExecutionListeners is not present for class [com.smcgow.crmapi.CrmPropertiesYamlTest]: using defaults.
21:02:32.838 [Test worker] INFO org.springframework.test.context.support.DefaultTestContextBootstrapper - Loaded default TestExecutionListener class names from location [META-INF/spring.factories]: [org.springframework.boot.test.autoconfigure.restdocs.RestDocsTestExecutionListener, org.springframework.boot.test.autoconfigure.web.client.MockRestServiceServerResetTestExecutionListener, org.springframework.boot.test.autoconfigure.web.servlet.MockMvcPrintOnlyOnFailureTestExecutionListener, org.springframework.boot.test.autoconfigure.web.servlet.WebDriverTestExecutionListener, org.springframework.boot.test.autoconfigure.webservices.client.MockWebServiceServerTestExecutionListener, org.springframework.boot.test.mock.mockito.MockitoTestExecutionListener, org.springframework.boot.test.mock.mockito.ResetMocksTestExecutionListener, org.springframework.test.context.web.ServletTestExecutionListener, org.springframework.test.context.support.DirtiesContextBeforeModesTestExecutionListener, org.springframework.test.context.event.ApplicationEventsTestExecutionListener, org.springframework.test.context.support.DependencyInjectionTestExecutionListener, org.springframework.test.context.support.DirtiesContextTestExecutionListener, org.springframework.test.context.transaction.TransactionalTestExecutionListener, org.springframework.test.context.jdbc.SqlScriptsTestExecutionListener, org.springframework.test.context.event.EventPublishingTestExecutionListener]
21:02:32.854 [Test worker] DEBUG org.springframework.test.context.support.DefaultTestContextBootstrapper - Skipping candidate TestExecutionListener [org.springframework.test.context.transaction.TransactionalTestExecutionListener] due to a missing dependency. Specify custom listener classes or make the default listener classes and their required dependencies available. Offending class: [org/springframework/transaction/interceptor/TransactionAttributeSource]
21:02:32.855 [Test worker] DEBUG org.springframework.test.context.support.DefaultTestContextBootstrapper - Skipping candidate TestExecutionListener [org.springframework.test.context.jdbc.SqlScriptsTestExecutionListener] due to a missing dependency. Specify custom listener classes or make the default listener classes and their required dependencies available. Offending class: [org/springframework/transaction/interceptor/TransactionAttribute]
21:02:32.855 [Test worker] INFO org.springframework.test.context.support.DefaultTestContextBootstrapper - Using TestExecutionListeners: [org.springframework.test.context.web.ServletTestExecutionListener@3a4d9c9a, org.springframework.test.context.support.DirtiesContextBeforeModesTestExecutionListener@6a7468ab, org.springframework.test.context.event.ApplicationEventsTestExecutionListener@41f62e5d, org.springframework.boot.test.mock.mockito.MockitoTestExecutionListener@10d39816, org.springframework.test.context.support.DependencyInjectionTestExecutionListener@46ac6fda, org.springframework.test.context.support.DirtiesContextTestExecutionListener@fd46694, org.springframework.test.context.event.EventPublishingTestExecutionListener@7fa025f5, org.springframework.boot.test.autoconfigure.restdocs.RestDocsTestExecutionListener@73bf013f, org.springframework.boot.test.autoconfigure.web.client.MockRestServiceServerResetTestExecutionListener@5648722d, org.springframework.boot.test.autoconfigure.web.servlet.MockMvcPrintOnlyOnFailureTestExecutionListener@7a044eb6, org.springframework.boot.test.autoconfigure.web.servlet.WebDriverTestExecutionListener@475438e, org.springframework.boot.test.autoconfigure.webservices.client.MockWebServiceServerTestExecutionListener@fc81cc6, org.springframework.boot.test.mock.mockito.ResetMocksTestExecutionListener@1a84ce08]
21:02:32.859 [Test worker] DEBUG org.springframework.test.context.support.AbstractDirtiesContextTestExecutionListener - Before test class: context [DefaultTestContext@74c74050 testClass = CrmPropertiesYamlTest, testInstance = [null], testMethod = [null], testException = [null], mergedContextConfiguration = [MergedContextConfiguration@737cef87 testClass = CrmPropertiesYamlTest, locations = '{}', classes = '{}', contextInitializerClasses = '[class org.springframework.boot.test.context.ConfigDataApplicationContextInitializer]', activeProfiles = '{}', propertySourceLocations = '{}', propertySourceProperties = '{}', contextCustomizers = set[org.springframework.boot.test.autoconfigure.actuate.metrics.MetricsExportContextCustomizerFactory$DisableMetricExportContextCustomizer@72ea2f78, org.springframework.boot.test.autoconfigure.properties.PropertyMappingContextCustomizer@0, org.springframework.boot.test.autoconfigure.web.servlet.WebDriverContextCustomizerFactory$Customizer@7b3115a5, [ImportsContextCustomizer@4579f4de key = [@org.springframework.test.context.ContextConfiguration(inheritInitializers=true, loader=org.springframework.test.context.ContextLoader.class, initializers={org.springframework.boot.test.context.ConfigDataApplicationContextInitializer.class}, classes={}, name="", locations={}, value={}, inheritLocations=true), @org.apiguardian.api.API(consumers={"*"}, since="5.0", status=STABLE), @org.junit.jupiter.api.extension.ExtendWith({org.springframework.test.context.junit.jupiter.SpringExtension.class}), @org.springframework.context.annotation.Import({org.springframework.boot.context.properties.EnableConfigurationPropertiesRegistrar.class}), @org.springframework.boot.context.properties.EnableConfigurationProperties({com.smcgow.crmapi.config.yaml.CrmProperties.class})]], org.springframework.boot.test.context.filter.ExcludeFilterContextCustomizer@2cef8481, org.springframework.boot.test.json.DuplicateJsonObjectContextCustomizerFactory$DuplicateJsonObjectContextCustomizer@77743c90, org.springframework.boot.test.mock.mockito.MockitoContextCustomizer@0], contextLoader = 'org.springframework.test.context.support.DelegatingSmartContextLoader', parent = [null]], attributes = map[[empty]]], class annotated with @DirtiesContext [false] with mode [null].
21:02:32.881 [Test worker] DEBUG org.springframework.test.context.support.DependencyInjectionTestExecutionListener - Performing dependency injection for test context [[DefaultTestContext@74c74050 testClass = CrmPropertiesYamlTest, testInstance = com.smcgow.crmapi.CrmPropertiesYamlTest@48769b0, testMethod = [null], testException = [null], mergedContextConfiguration = [MergedContextConfiguration@737cef87 testClass = CrmPropertiesYamlTest, locations = '{}', classes = '{}', contextInitializerClasses = '[class org.springframework.boot.test.context.ConfigDataApplicationContextInitializer]', activeProfiles = '{}', propertySourceLocations = '{}', propertySourceProperties = '{}', contextCustomizers = set[org.springframework.boot.test.autoconfigure.actuate.metrics.MetricsExportContextCustomizerFactory$DisableMetricExportContextCustomizer@72ea2f78, org.springframework.boot.test.autoconfigure.properties.PropertyMappingContextCustomizer@0, org.springframework.boot.test.autoconfigure.web.servlet.WebDriverContextCustomizerFactory$Customizer@7b3115a5, [ImportsContextCustomizer@4579f4de key = [@org.springframework.test.context.ContextConfiguration(inheritInitializers=true, loader=org.springframework.test.context.ContextLoader.class, initializers={org.springframework.boot.test.context.ConfigDataApplicationContextInitializer.class}, classes={}, name="", locations={}, value={}, inheritLocations=true), @org.apiguardian.api.API(consumers={"*"}, since="5.0", status=STABLE), @org.junit.jupiter.api.extension.ExtendWith({org.springframework.test.context.junit.jupiter.SpringExtension.class}), @org.springframework.context.annotation.Import({org.springframework.boot.context.properties.EnableConfigurationPropertiesRegistrar.class}), @org.springframework.boot.context.properties.EnableConfigurationProperties({com.smcgow.crmapi.config.yaml.CrmProperties.class})]], org.springframework.boot.test.context.filter.ExcludeFilterContextCustomizer@2cef8481, org.springframework.boot.test.json.DuplicateJsonObjectContextCustomizerFactory$DuplicateJsonObjectContextCustomizer@77743c90, org.springframework.boot.test.mock.mockito.MockitoContextCustomizer@0], contextLoader = 'org.springframework.test.context.support.DelegatingSmartContextLoader', parent = [null]], attributes = map['org.springframework.test.context.event.ApplicationEventsTestExecutionListener.recordApplicationEvents' -> false]]].
21:02:32.882 [Test worker] DEBUG org.springframework.test.context.support.AbstractDelegatingSmartContextLoader - Delegating to AnnotationConfigContextLoader to load context from [MergedContextConfiguration@737cef87 testClass = CrmPropertiesYamlTest, locations = '{}', classes = '{}', contextInitializerClasses = '[class org.springframework.boot.test.context.ConfigDataApplicationContextInitializer]', activeProfiles = '{}', propertySourceLocations = '{}', propertySourceProperties = '{}', contextCustomizers = set[org.springframework.boot.test.autoconfigure.actuate.metrics.MetricsExportContextCustomizerFactory$DisableMetricExportContextCustomizer@72ea2f78, org.springframework.boot.test.autoconfigure.properties.PropertyMappingContextCustomizer@0, org.springframework.boot.test.autoconfigure.web.servlet.WebDriverContextCustomizerFactory$Customizer@7b3115a5, [ImportsContextCustomizer@4579f4de key = [@org.springframework.test.context.ContextConfiguration(inheritInitializers=true, loader=org.springframework.test.context.ContextLoader.class, initializers={org.springframework.boot.test.context.ConfigDataApplicationContextInitializer.class}, classes={}, name="", locations={}, value={}, inheritLocations=true), @org.apiguardian.api.API(consumers={"*"}, since="5.0", status=STABLE), @org.junit.jupiter.api.extension.ExtendWith({org.springframework.test.context.junit.jupiter.SpringExtension.class}), @org.springframework.context.annotation.Import({org.springframework.boot.context.properties.EnableConfigurationPropertiesRegistrar.class}), @org.springframework.boot.context.properties.EnableConfigurationProperties({com.smcgow.crmapi.config.yaml.CrmProperties.class})]], org.springframework.boot.test.context.filter.ExcludeFilterContextCustomizer@2cef8481, org.springframework.boot.test.json.DuplicateJsonObjectContextCustomizerFactory$DuplicateJsonObjectContextCustomizer@77743c90, org.springframework.boot.test.mock.mockito.MockitoContextCustomizer@0], contextLoader = 'org.springframework.test.context.support.DelegatingSmartContextLoader', parent = [null]].
21:02:32.883 [Test worker] DEBUG org.springframework.test.context.support.AbstractGenericContextLoader - Loading ApplicationContext for merged context configuration [[MergedContextConfiguration@737cef87 testClass = CrmPropertiesYamlTest, locations = '{}', classes = '{}', contextInitializerClasses = '[class org.springframework.boot.test.context.ConfigDataApplicationContextInitializer]', activeProfiles = '{}', propertySourceLocations = '{}', propertySourceProperties = '{}', contextCustomizers = set[org.springframework.boot.test.autoconfigure.actuate.metrics.MetricsExportContextCustomizerFactory$DisableMetricExportContextCustomizer@72ea2f78, org.springframework.boot.test.autoconfigure.properties.PropertyMappingContextCustomizer@0, org.springframework.boot.test.autoconfigure.web.servlet.WebDriverContextCustomizerFactory$Customizer@7b3115a5, [ImportsContextCustomizer@4579f4de key = [@org.springframework.test.context.ContextConfiguration(inheritInitializers=true, loader=org.springframework.test.context.ContextLoader.class, initializers={org.springframework.boot.test.context.ConfigDataApplicationContextInitializer.class}, classes={}, name="", locations={}, value={}, inheritLocations=true), @org.apiguardian.api.API(consumers={"*"}, since="5.0", status=STABLE), @org.junit.jupiter.api.extension.ExtendWith({org.springframework.test.context.junit.jupiter.SpringExtension.class}), @org.springframework.context.annotation.Import({org.springframework.boot.context.properties.EnableConfigurationPropertiesRegistrar.class}), @org.springframework.boot.context.properties.EnableConfigurationProperties({com.smcgow.crmapi.config.yaml.CrmProperties.class})]], org.springframework.boot.test.context.filter.ExcludeFilterContextCustomizer@2cef8481, org.springframework.boot.test.json.DuplicateJsonObjectContextCustomizerFactory$DuplicateJsonObjectContextCustomizer@77743c90, org.springframework.boot.test.mock.mockito.MockitoContextCustomizer@0], contextLoader = 'org.springframework.test.context.support.DelegatingSmartContextLoader', parent = [null]]].
21:02:32.938 [Test worker] DEBUG org.springframework.core.env.StandardEnvironment - Activating profiles []
21:02:33.192 [Test worker] DEBUG org.springframework.boot.env.OriginTrackedYamlLoader - Loading from YAML: class path resource [application.yml]
21:02:33.232 [Test worker] DEBUG org.springframework.boot.env.OriginTrackedYamlLoader - Merging document (no matchers set): {crm={operations=[{inputMessage=getCountryRequest, outputMessage=getCountryResponse, name=country, url=http://localhost:8081/ws, namespace={name=xmlns, url=http://spring.io/guides/gs-producing-web-service}}, {inputMessage=existingClientsRequest, outputMessage=existingClientsResponse, name=person, url=http://localhost:8081/ws, namespace={name=xmlns, url=http://my.site/shcmeas/existingPeopleService}}]}, logging={level={com={smcgow={crmapi=INFO}}, org={springframework=INFO}}, register-shutdown-hook=true}}
21:02:33.232 [Test worker] DEBUG org.springframework.boot.env.OriginTrackedYamlLoader - Loaded 1 document from YAML resource: class path resource [application.yml]
21:02:33.276 [Test worker] DEBUG org.springframework.core.env.StandardEnvironment - Activating profiles []
21:02:33.278 [Test worker] DEBUG org.springframework.test.context.support.AnnotationConfigContextLoader - Registering component classes: {}
21:02:33.319 [Test worker] WARN org.springframework.boot.test.json.DuplicateJsonObjectContextCustomizerFactory$DuplicateJsonObjectContextCustomizer - 

Found multiple occurrences of org.json.JSONObject on the class path:

	jar:file:/C:/Users/35385/.gradle/caches/modules-2/files-2.1/org.json/json/20210307/528c8df3757e8bcf151817b1d7b9b434f6aa08d5/json-20210307.jar!/org/json/JSONObject.class
	jar:file:/C:/Users/35385/.gradle/caches/modules-2/files-2.1/com.vaadin.external.google/android-json/0.0.20131108.vaadin1/fa26d351fe62a6a17f5cda1287c1c6110dec413f/android-json-0.0.20131108.vaadin1.jar!/org/json/JSONObject.class

You may wish to exclude one of them to ensure predictable runtime behavior

21:02:33.324 [Test worker] DEBUG org.springframework.context.support.GenericApplicationContext - Refreshing org.springframework.context.support.GenericApplicationContext@197f11c2
21:02:33.338 [Test worker] DEBUG org.springframework.beans.factory.support.DefaultListableBeanFactory - Creating shared instance of singleton bean 'org.springframework.context.annotation.internalConfigurationAnnotationProcessor'
21:02:33.449 [Test worker] DEBUG org.springframework.beans.factory.support.DefaultListableBeanFactory - Creating shared instance of singleton bean 'org.springframework.boot.test.context.ImportsContextCustomizer$ImportsCleanupPostProcessor'
21:02:33.466 [Test worker] DEBUG org.springframework.beans.factory.support.DefaultListableBeanFactory - Creating shared instance of singleton bean 'org.springframework.boot.test.mock.mockito.MockitoPostProcessor'
21:02:33.470 [Test worker] DEBUG org.springframework.beans.factory.support.DefaultListableBeanFactory - Creating shared instance of singleton bean 'org.springframework.context.event.internalEventListenerProcessor'
21:02:33.473 [Test worker] DEBUG org.springframework.beans.factory.support.DefaultListableBeanFactory - Creating shared instance of singleton bean 'org.springframework.context.event.internalEventListenerFactory'
21:02:33.475 [Test worker] DEBUG org.springframework.beans.factory.support.DefaultListableBeanFactory - Creating shared instance of singleton bean 'org.springframework.context.annotation.internalAutowiredAnnotationProcessor'
21:02:33.478 [Test worker] DEBUG org.springframework.beans.factory.support.DefaultListableBeanFactory - Creating shared instance of singleton bean 'org.springframework.context.annotation.internalCommonAnnotationProcessor'
21:02:33.485 [Test worker] DEBUG org.springframework.beans.factory.support.DefaultListableBeanFactory - Creating shared instance of singleton bean 'org.springframework.boot.test.mock.mockito.MockitoPostProcessor$SpyPostProcessor'
21:02:33.486 [Test worker] DEBUG org.springframework.beans.factory.support.DefaultListableBeanFactory - Creating shared instance of singleton bean 'org.springframework.boot.context.properties.ConfigurationPropertiesBindingPostProcessor'
21:02:33.487 [Test worker] DEBUG org.springframework.beans.factory.support.DefaultListableBeanFactory - Creating shared instance of singleton bean 'org.springframework.boot.context.internalConfigurationPropertiesBinder'
21:02:33.487 [Test worker] DEBUG org.springframework.beans.factory.support.DefaultListableBeanFactory - Creating shared instance of singleton bean 'org.springframework.boot.context.internalConfigurationPropertiesBinderFactory'
21:02:33.497 [Test worker] DEBUG org.springframework.beans.factory.support.DefaultListableBeanFactory - Creating shared instance of singleton bean 'org.springframework.boot.context.properties.BoundConfigurationProperties'
21:02:33.526 [Test worker] DEBUG org.springframework.beans.factory.support.DefaultListableBeanFactory - Creating shared instance of singleton bean 'org.springframework.boot.context.properties.EnableConfigurationPropertiesRegistrar.methodValidationExcludeFilter'
21:02:33.530 [Test worker] DEBUG org.springframework.beans.factory.support.DefaultListableBeanFactory - Creating shared instance of singleton bean 'crm-com.smcgow.crmapi.config.yaml.CrmProperties'
21:02:33.599 [Test worker] DEBUG org.springframework.test.context.cache.DefaultCacheAwareContextLoaderDelegate - Storing ApplicationContext [427758018] in cache under key [[MergedContextConfiguration@737cef87 testClass = CrmPropertiesYamlTest, locations = '{}', classes = '{}', contextInitializerClasses = '[class org.springframework.boot.test.context.ConfigDataApplicationContextInitializer]', activeProfiles = '{}', propertySourceLocations = '{}', propertySourceProperties = '{}', contextCustomizers = set[org.springframework.boot.test.autoconfigure.actuate.metrics.MetricsExportContextCustomizerFactory$DisableMetricExportContextCustomizer@72ea2f78, org.springframework.boot.test.autoconfigure.properties.PropertyMappingContextCustomizer@0, org.springframework.boot.test.autoconfigure.web.servlet.WebDriverContextCustomizerFactory$Customizer@7b3115a5, [ImportsContextCustomizer@4579f4de key = [@org.springframework.test.context.ContextConfiguration(inheritInitializers=true, loader=org.springframework.test.context.ContextLoader.class, initializers={org.springframework.boot.test.context.ConfigDataApplicationContextInitializer.class}, classes={}, name="", locations={}, value={}, inheritLocations=true), @org.apiguardian.api.API(consumers={"*"}, since="5.0", status=STABLE), @org.junit.jupiter.api.extension.ExtendWith({org.springframework.test.context.junit.jupiter.SpringExtension.class}), @org.springframework.context.annotation.Import({org.springframework.boot.context.properties.EnableConfigurationPropertiesRegistrar.class}), @org.springframework.boot.context.properties.EnableConfigurationProperties({com.smcgow.crmapi.config.yaml.CrmProperties.class})]], org.springframework.boot.test.context.filter.ExcludeFilterContextCustomizer@2cef8481, org.springframework.boot.test.json.DuplicateJsonObjectContextCustomizerFactory$DuplicateJsonObjectContextCustomizer@77743c90, org.springframework.boot.test.mock.mockito.MockitoContextCustomizer@0], contextLoader = 'org.springframework.test.context.support.DelegatingSmartContextLoader', parent = [null]]]
21:02:33.600 [Test worker] DEBUG org.springframework.test.context.cache - Spring test ApplicationContext cache statistics: [DefaultContextCache@61a4aa39 size = 1, maxSize = 32, parentContextCount = 0, hitCount = 0, missCount = 1]
21:02:33.613 [Test worker] DEBUG org.springframework.test.context.cache.DefaultCacheAwareContextLoaderDelegate - Retrieved ApplicationContext [427758018] from cache with key [[MergedContextConfiguration@737cef87 testClass = CrmPropertiesYamlTest, locations = '{}', classes = '{}', contextInitializerClasses = '[class org.springframework.boot.test.context.ConfigDataApplicationContextInitializer]', activeProfiles = '{}', propertySourceLocations = '{}', propertySourceProperties = '{}', contextCustomizers = set[org.springframework.boot.test.autoconfigure.actuate.metrics.MetricsExportContextCustomizerFactory$DisableMetricExportContextCustomizer@72ea2f78, org.springframework.boot.test.autoconfigure.properties.PropertyMappingContextCustomizer@0, org.springframework.boot.test.autoconfigure.web.servlet.WebDriverContextCustomizerFactory$Customizer@7b3115a5, [ImportsContextCustomizer@4579f4de key = [@org.springframework.test.context.ContextConfiguration(inheritInitializers=true, loader=org.springframework.test.context.ContextLoader.class, initializers={org.springframework.boot.test.context.ConfigDataApplicationContextInitializer.class}, classes={}, name="", locations={}, value={}, inheritLocations=true), @org.apiguardian.api.API(consumers={"*"}, since="5.0", status=STABLE), @org.junit.jupiter.api.extension.ExtendWith({org.springframework.test.context.junit.jupiter.SpringExtension.class}), @org.springframework.context.annotation.Import({org.springframework.boot.context.properties.EnableConfigurationPropertiesRegistrar.class}), @org.springframework.boot.context.properties.EnableConfigurationProperties({com.smcgow.crmapi.config.yaml.CrmProperties.class})]], org.springframework.boot.test.context.filter.ExcludeFilterContextCustomizer@2cef8481, org.springframework.boot.test.json.DuplicateJsonObjectContextCustomizerFactory$DuplicateJsonObjectContextCustomizer@77743c90, org.springframework.boot.test.mock.mockito.MockitoContextCustomizer@0], contextLoader = 'org.springframework.test.context.support.DelegatingSmartContextLoader', parent = [null]]]
21:02:33.613 [Test worker] DEBUG org.springframework.test.context.cache - Spring test ApplicationContext cache statistics: [DefaultContextCache@61a4aa39 size = 1, maxSize = 32, parentContextCount = 0, hitCount = 1, missCount = 1]
21:02:33.620 [Test worker] DEBUG org.springframework.test.context.support.AbstractDirtiesContextTestExecutionListener - Before test method: context [DefaultTestContext@74c74050 testClass = CrmPropertiesYamlTest, testInstance = com.smcgow.crmapi.CrmPropertiesYamlTest@48769b0, testMethod = checkPersonAndCountryOperation@CrmPropertiesYamlTest, testException = [null], mergedContextConfiguration = [MergedContextConfiguration@737cef87 testClass = CrmPropertiesYamlTest, locations = '{}', classes = '{}', contextInitializerClasses = '[class org.springframework.boot.test.context.ConfigDataApplicationContextInitializer]', activeProfiles = '{}', propertySourceLocations = '{}', propertySourceProperties = '{}', contextCustomizers = set[org.springframework.boot.test.autoconfigure.actuate.metrics.MetricsExportContextCustomizerFactory$DisableMetricExportContextCustomizer@72ea2f78, org.springframework.boot.test.autoconfigure.properties.PropertyMappingContextCustomizer@0, org.springframework.boot.test.autoconfigure.web.servlet.WebDriverContextCustomizerFactory$Customizer@7b3115a5, [ImportsContextCustomizer@4579f4de key = [@org.springframework.test.context.ContextConfiguration(inheritInitializers=true, loader=org.springframework.test.context.ContextLoader.class, initializers={org.springframework.boot.test.context.ConfigDataApplicationContextInitializer.class}, classes={}, name="", locations={}, value={}, inheritLocations=true), @org.apiguardian.api.API(consumers={"*"}, since="5.0", status=STABLE), @org.junit.jupiter.api.extension.ExtendWith({org.springframework.test.context.junit.jupiter.SpringExtension.class}), @org.springframework.context.annotation.Import({org.springframework.boot.context.properties.EnableConfigurationPropertiesRegistrar.class}), @org.springframework.boot.context.properties.EnableConfigurationProperties({com.smcgow.crmapi.config.yaml.CrmProperties.class})]], org.springframework.boot.test.context.filter.ExcludeFilterContextCustomizer@2cef8481, org.springframework.boot.test.json.DuplicateJsonObjectContextCustomizerFactory$DuplicateJsonObjectContextCustomizer@77743c90, org.springframework.boot.test.mock.mockito.MockitoContextCustomizer@0], contextLoader = 'org.springframework.test.context.support.DelegatingSmartContextLoader', parent = [null]], attributes = map['org.springframework.test.context.event.ApplicationEventsTestExecutionListener.recordApplicationEvents' -> false]], class annotated with @DirtiesContext [false] with mode [null], method annotated with @DirtiesContext [false] with mode [null].
21:02:33.623 [Test worker] DEBUG org.springframework.test.context.cache.DefaultCacheAwareContextLoaderDelegate - Retrieved ApplicationContext [427758018] from cache with key [[MergedContextConfiguration@737cef87 testClass = CrmPropertiesYamlTest, locations = '{}', classes = '{}', contextInitializerClasses = '[class org.springframework.boot.test.context.ConfigDataApplicationContextInitializer]', activeProfiles = '{}', propertySourceLocations = '{}', propertySourceProperties = '{}', contextCustomizers = set[org.springframework.boot.test.autoconfigure.actuate.metrics.MetricsExportContextCustomizerFactory$DisableMetricExportContextCustomizer@72ea2f78, org.springframework.boot.test.autoconfigure.properties.PropertyMappingContextCustomizer@0, org.springframework.boot.test.autoconfigure.web.servlet.WebDriverContextCustomizerFactory$Customizer@7b3115a5, [ImportsContextCustomizer@4579f4de key = [@org.springframework.test.context.ContextConfiguration(inheritInitializers=true, loader=org.springframework.test.context.ContextLoader.class, initializers={org.springframework.boot.test.context.ConfigDataApplicationContextInitializer.class}, classes={}, name="", locations={}, value={}, inheritLocations=true), @org.apiguardian.api.API(consumers={"*"}, since="5.0", status=STABLE), @org.junit.jupiter.api.extension.ExtendWith({org.springframework.test.context.junit.jupiter.SpringExtension.class}), @org.springframework.context.annotation.Import({org.springframework.boot.context.properties.EnableConfigurationPropertiesRegistrar.class}), @org.springframework.boot.context.properties.EnableConfigurationProperties({com.smcgow.crmapi.config.yaml.CrmProperties.class})]], org.springframework.boot.test.context.filter.ExcludeFilterContextCustomizer@2cef8481, org.springframework.boot.test.json.DuplicateJsonObjectContextCustomizerFactory$DuplicateJsonObjectContextCustomizer@77743c90, org.springframework.boot.test.mock.mockito.MockitoContextCustomizer@0], contextLoader = 'org.springframework.test.context.support.DelegatingSmartContextLoader', parent = [null]]]
21:02:33.623 [Test worker] DEBUG org.springframework.test.context.cache - Spring test ApplicationContext cache statistics: [DefaultContextCache@61a4aa39 size = 1, maxSize = 32, parentContextCount = 0, hitCount = 2, missCount = 1]
21:02:33.626 [Test worker] DEBUG org.springframework.test.context.cache.DefaultCacheAwareContextLoaderDelegate - Retrieved ApplicationContext [427758018] from cache with key [[MergedContextConfiguration@737cef87 testClass = CrmPropertiesYamlTest, locations = '{}', classes = '{}', contextInitializerClasses = '[class org.springframework.boot.test.context.ConfigDataApplicationContextInitializer]', activeProfiles = '{}', propertySourceLocations = '{}', propertySourceProperties = '{}', contextCustomizers = set[org.springframework.boot.test.autoconfigure.actuate.metrics.MetricsExportContextCustomizerFactory$DisableMetricExportContextCustomizer@72ea2f78, org.springframework.boot.test.autoconfigure.properties.PropertyMappingContextCustomizer@0, org.springframework.boot.test.autoconfigure.web.servlet.WebDriverContextCustomizerFactory$Customizer@7b3115a5, [ImportsContextCustomizer@4579f4de key = [@org.springframework.test.context.ContextConfiguration(inheritInitializers=true, loader=org.springframework.test.context.ContextLoader.class, initializers={org.springframework.boot.test.context.ConfigDataApplicationContextInitializer.class}, classes={}, name="", locations={}, value={}, inheritLocations=true), @org.apiguardian.api.API(consumers={"*"}, since="5.0", status=STABLE), @org.junit.jupiter.api.extension.ExtendWith({org.springframework.test.context.junit.jupiter.SpringExtension.class}), @org.springframework.context.annotation.Import({org.springframework.boot.context.properties.EnableConfigurationPropertiesRegistrar.class}), @org.springframework.boot.context.properties.EnableConfigurationProperties({com.smcgow.crmapi.config.yaml.CrmProperties.class})]], org.springframework.boot.test.context.filter.ExcludeFilterContextCustomizer@2cef8481, org.springframework.boot.test.json.DuplicateJsonObjectContextCustomizerFactory$DuplicateJsonObjectContextCustomizer@77743c90, org.springframework.boot.test.mock.mockito.MockitoContextCustomizer@0], contextLoader = 'org.springframework.test.context.support.DelegatingSmartContextLoader', parent = [null]]]
21:02:33.626 [Test worker] DEBUG org.springframework.test.context.cache - Spring test ApplicationContext cache statistics: [DefaultContextCache@61a4aa39 size = 1, maxSize = 32, parentContextCount = 0, hitCount = 3, missCount = 1]
21:02:34.210 [Test worker] DEBUG org.springframework.test.context.cache.DefaultCacheAwareContextLoaderDelegate - Retrieved ApplicationContext [427758018] from cache with key [[MergedContextConfiguration@737cef87 testClass = CrmPropertiesYamlTest, locations = '{}', classes = '{}', contextInitializerClasses = '[class org.springframework.boot.test.context.ConfigDataApplicationContextInitializer]', activeProfiles = '{}', propertySourceLocations = '{}', propertySourceProperties = '{}', contextCustomizers = set[org.springframework.boot.test.autoconfigure.actuate.metrics.MetricsExportContextCustomizerFactory$DisableMetricExportContextCustomizer@72ea2f78, org.springframework.boot.test.autoconfigure.properties.PropertyMappingContextCustomizer@0, org.springframework.boot.test.autoconfigure.web.servlet.WebDriverContextCustomizerFactory$Customizer@7b3115a5, [ImportsContextCustomizer@4579f4de key = [@org.springframework.test.context.ContextConfiguration(inheritInitializers=true, loader=org.springframework.test.context.ContextLoader.class, initializers={org.springframework.boot.test.context.ConfigDataApplicationContextInitializer.class}, classes={}, name="", locations={}, value={}, inheritLocations=true), @org.apiguardian.api.API(consumers={"*"}, since="5.0", status=STABLE), @org.junit.jupiter.api.extension.ExtendWith({org.springframework.test.context.junit.jupiter.SpringExtension.class}), @org.springframework.context.annotation.Import({org.springframework.boot.context.properties.EnableConfigurationPropertiesRegistrar.class}), @org.springframework.boot.context.properties.EnableConfigurationProperties({com.smcgow.crmapi.config.yaml.CrmProperties.class})]], org.springframework.boot.test.context.filter.ExcludeFilterContextCustomizer@2cef8481, org.springframework.boot.test.json.DuplicateJsonObjectContextCustomizerFactory$DuplicateJsonObjectContextCustomizer@77743c90, org.springframework.boot.test.mock.mockito.MockitoContextCustomizer@0], contextLoader = 'org.springframework.test.context.support.DelegatingSmartContextLoader', parent = [null]]]
21:02:34.211 [Test worker] DEBUG org.springframework.test.context.cache - Spring test ApplicationContext cache statistics: [DefaultContextCache@61a4aa39 size = 1, maxSize = 32, parentContextCount = 0, hitCount = 4, missCount = 1]
21:02:34.222 [Test worker] DEBUG org.springframework.test.context.cache.DefaultCacheAwareContextLoaderDelegate - Retrieved ApplicationContext [427758018] from cache with key [[MergedContextConfiguration@737cef87 testClass = CrmPropertiesYamlTest, locations = '{}', classes = '{}', contextInitializerClasses = '[class org.springframework.boot.test.context.ConfigDataApplicationContextInitializer]', activeProfiles = '{}', propertySourceLocations = '{}', propertySourceProperties = '{}', contextCustomizers = set[org.springframework.boot.test.autoconfigure.actuate.metrics.MetricsExportContextCustomizerFactory$DisableMetricExportContextCustomizer@72ea2f78, org.springframework.boot.test.autoconfigure.properties.PropertyMappingContextCustomizer@0, org.springframework.boot.test.autoconfigure.web.servlet.WebDriverContextCustomizerFactory$Customizer@7b3115a5, [ImportsContextCustomizer@4579f4de key = [@org.springframework.test.context.ContextConfiguration(inheritInitializers=true, loader=org.springframework.test.context.ContextLoader.class, initializers={org.springframework.boot.test.context.ConfigDataApplicationContextInitializer.class}, classes={}, name="", locations={}, value={}, inheritLocations=true), @org.apiguardian.api.API(consumers={"*"}, since="5.0", status=STABLE), @org.junit.jupiter.api.extension.ExtendWith({org.springframework.test.context.junit.jupiter.SpringExtension.class}), @org.springframework.context.annotation.Import({org.springframework.boot.context.properties.EnableConfigurationPropertiesRegistrar.class}), @org.springframework.boot.context.properties.EnableConfigurationProperties({com.smcgow.crmapi.config.yaml.CrmProperties.class})]], org.springframework.boot.test.context.filter.ExcludeFilterContextCustomizer@2cef8481, org.springframework.boot.test.json.DuplicateJsonObjectContextCustomizerFactory$DuplicateJsonObjectContextCustomizer@77743c90, org.springframework.boot.test.mock.mockito.MockitoContextCustomizer@0], contextLoader = 'org.springframework.test.context.support.DelegatingSmartContextLoader', parent = [null]]]
21:02:34.222 [Test worker] DEBUG org.springframework.test.context.cache - Spring test ApplicationContext cache statistics: [DefaultContextCache@61a4aa39 size = 1, maxSize = 32, parentContextCount = 0, hitCount = 5, missCount = 1]
21:02:34.224 [Test worker] DEBUG org.springframework.test.context.cache.DefaultCacheAwareContextLoaderDelegate - Retrieved ApplicationContext [427758018] from cache with key [[MergedContextConfiguration@737cef87 testClass = CrmPropertiesYamlTest, locations = '{}', classes = '{}', contextInitializerClasses = '[class org.springframework.boot.test.context.ConfigDataApplicationContextInitializer]', activeProfiles = '{}', propertySourceLocations = '{}', propertySourceProperties = '{}', contextCustomizers = set[org.springframework.boot.test.autoconfigure.actuate.metrics.MetricsExportContextCustomizerFactory$DisableMetricExportContextCustomizer@72ea2f78, org.springframework.boot.test.autoconfigure.properties.PropertyMappingContextCustomizer@0, org.springframework.boot.test.autoconfigure.web.servlet.WebDriverContextCustomizerFactory$Customizer@7b3115a5, [ImportsContextCustomizer@4579f4de key = [@org.springframework.test.context.ContextConfiguration(inheritInitializers=true, loader=org.springframework.test.context.ContextLoader.class, initializers={org.springframework.boot.test.context.ConfigDataApplicationContextInitializer.class}, classes={}, name="", locations={}, value={}, inheritLocations=true), @org.apiguardian.api.API(consumers={"*"}, since="5.0", status=STABLE), @org.junit.jupiter.api.extension.ExtendWith({org.springframework.test.context.junit.jupiter.SpringExtension.class}), @org.springframework.context.annotation.Import({org.springframework.boot.context.properties.EnableConfigurationPropertiesRegistrar.class}), @org.springframework.boot.context.properties.EnableConfigurationProperties({com.smcgow.crmapi.config.yaml.CrmProperties.class})]], org.springframework.boot.test.context.filter.ExcludeFilterContextCustomizer@2cef8481, org.springframework.boot.test.json.DuplicateJsonObjectContextCustomizerFactory$DuplicateJsonObjectContextCustomizer@77743c90, org.springframework.boot.test.mock.mockito.MockitoContextCustomizer@0], contextLoader = 'org.springframework.test.context.support.DelegatingSmartContextLoader', parent = [null]]]
21:02:34.224 [Test worker] DEBUG org.springframework.test.context.cache - Spring test ApplicationContext cache statistics: [DefaultContextCache@61a4aa39 size = 1, maxSize = 32, parentContextCount = 0, hitCount = 6, missCount = 1]
21:02:34.225 [Test worker] DEBUG org.springframework.test.context.cache.DefaultCacheAwareContextLoaderDelegate - Retrieved ApplicationContext [427758018] from cache with key [[MergedContextConfiguration@737cef87 testClass = CrmPropertiesYamlTest, locations = '{}', classes = '{}', contextInitializerClasses = '[class org.springframework.boot.test.context.ConfigDataApplicationContextInitializer]', activeProfiles = '{}', propertySourceLocations = '{}', propertySourceProperties = '{}', contextCustomizers = set[org.springframework.boot.test.autoconfigure.actuate.metrics.MetricsExportContextCustomizerFactory$DisableMetricExportContextCustomizer@72ea2f78, org.springframework.boot.test.autoconfigure.properties.PropertyMappingContextCustomizer@0, org.springframework.boot.test.autoconfigure.web.servlet.WebDriverContextCustomizerFactory$Customizer@7b3115a5, [ImportsContextCustomizer@4579f4de key = [@org.springframework.test.context.ContextConfiguration(inheritInitializers=true, loader=org.springframework.test.context.ContextLoader.class, initializers={org.springframework.boot.test.context.ConfigDataApplicationContextInitializer.class}, classes={}, name="", locations={}, value={}, inheritLocations=true), @org.apiguardian.api.API(consumers={"*"}, since="5.0", status=STABLE), @org.junit.jupiter.api.extension.ExtendWith({org.springframework.test.context.junit.jupiter.SpringExtension.class}), @org.springframework.context.annotation.Import({org.springframework.boot.context.properties.EnableConfigurationPropertiesRegistrar.class}), @org.springframework.boot.context.properties.EnableConfigurationProperties({com.smcgow.crmapi.config.yaml.CrmProperties.class})]], org.springframework.boot.test.context.filter.ExcludeFilterContextCustomizer@2cef8481, org.springframework.boot.test.json.DuplicateJsonObjectContextCustomizerFactory$DuplicateJsonObjectContextCustomizer@77743c90, org.springframework.boot.test.mock.mockito.MockitoContextCustomizer@0], contextLoader = 'org.springframework.test.context.support.DelegatingSmartContextLoader', parent = [null]]]
21:02:34.226 [Test worker] DEBUG org.springframework.test.context.cache - Spring test ApplicationContext cache statistics: [DefaultContextCache@61a4aa39 size = 1, maxSize = 32, parentContextCount = 0, hitCount = 7, missCount = 1]
21:02:34.226 [Test worker] DEBUG org.springframework.test.context.cache.DefaultCacheAwareContextLoaderDelegate - Retrieved ApplicationContext [427758018] from cache with key [[MergedContextConfiguration@737cef87 testClass = CrmPropertiesYamlTest, locations = '{}', classes = '{}', contextInitializerClasses = '[class org.springframework.boot.test.context.ConfigDataApplicationContextInitializer]', activeProfiles = '{}', propertySourceLocations = '{}', propertySourceProperties = '{}', contextCustomizers = set[org.springframework.boot.test.autoconfigure.actuate.metrics.MetricsExportContextCustomizerFactory$DisableMetricExportContextCustomizer@72ea2f78, org.springframework.boot.test.autoconfigure.properties.PropertyMappingContextCustomizer@0, org.springframework.boot.test.autoconfigure.web.servlet.WebDriverContextCustomizerFactory$Customizer@7b3115a5, [ImportsContextCustomizer@4579f4de key = [@org.springframework.test.context.ContextConfiguration(inheritInitializers=true, loader=org.springframework.test.context.ContextLoader.class, initializers={org.springframework.boot.test.context.ConfigDataApplicationContextInitializer.class}, classes={}, name="", locations={}, value={}, inheritLocations=true), @org.apiguardian.api.API(consumers={"*"}, since="5.0", status=STABLE), @org.junit.jupiter.api.extension.ExtendWith({org.springframework.test.context.junit.jupiter.SpringExtension.class}), @org.springframework.context.annotation.Import({org.springframework.boot.context.properties.EnableConfigurationPropertiesRegistrar.class}), @org.springframework.boot.context.properties.EnableConfigurationProperties({com.smcgow.crmapi.config.yaml.CrmProperties.class})]], org.springframework.boot.test.context.filter.ExcludeFilterContextCustomizer@2cef8481, org.springframework.boot.test.json.DuplicateJsonObjectContextCustomizerFactory$DuplicateJsonObjectContextCustomizer@77743c90, org.springframework.boot.test.mock.mockito.MockitoContextCustomizer@0], contextLoader = 'org.springframework.test.context.support.DelegatingSmartContextLoader', parent = [null]]]
21:02:34.226 [Test worker] DEBUG org.springframework.test.context.cache - Spring test ApplicationContext cache statistics: [DefaultContextCache@61a4aa39 size = 1, maxSize = 32, parentContextCount = 0, hitCount = 8, missCount = 1]
21:02:34.228 [Test worker] DEBUG org.springframework.test.context.cache.DefaultCacheAwareContextLoaderDelegate - Retrieved ApplicationContext [427758018] from cache with key [[MergedContextConfiguration@737cef87 testClass = CrmPropertiesYamlTest, locations = '{}', classes = '{}', contextInitializerClasses = '[class org.springframework.boot.test.context.ConfigDataApplicationContextInitializer]', activeProfiles = '{}', propertySourceLocations = '{}', propertySourceProperties = '{}', contextCustomizers = set[org.springframework.boot.test.autoconfigure.actuate.metrics.MetricsExportContextCustomizerFactory$DisableMetricExportContextCustomizer@72ea2f78, org.springframework.boot.test.autoconfigure.properties.PropertyMappingContextCustomizer@0, org.springframework.boot.test.autoconfigure.web.servlet.WebDriverContextCustomizerFactory$Customizer@7b3115a5, [ImportsContextCustomizer@4579f4de key = [@org.springframework.test.context.ContextConfiguration(inheritInitializers=true, loader=org.springframework.test.context.ContextLoader.class, initializers={org.springframework.boot.test.context.ConfigDataApplicationContextInitializer.class}, classes={}, name="", locations={}, value={}, inheritLocations=true), @org.apiguardian.api.API(consumers={"*"}, since="5.0", status=STABLE), @org.junit.jupiter.api.extension.ExtendWith({org.springframework.test.context.junit.jupiter.SpringExtension.class}), @org.springframework.context.annotation.Import({org.springframework.boot.context.properties.EnableConfigurationPropertiesRegistrar.class}), @org.springframework.boot.context.properties.EnableConfigurationProperties({com.smcgow.crmapi.config.yaml.CrmProperties.class})]], org.springframework.boot.test.context.filter.ExcludeFilterContextCustomizer@2cef8481, org.springframework.boot.test.json.DuplicateJsonObjectContextCustomizerFactory$DuplicateJsonObjectContextCustomizer@77743c90, org.springframework.boot.test.mock.mockito.MockitoContextCustomizer@0], contextLoader = 'org.springframework.test.context.support.DelegatingSmartContextLoader', parent = [null]]]
21:02:34.229 [Test worker] DEBUG org.springframework.test.context.cache - Spring test ApplicationContext cache statistics: [DefaultContextCache@61a4aa39 size = 1, maxSize = 32, parentContextCount = 0, hitCount = 9, missCount = 1]
21:02:34.232 [Test worker] DEBUG org.springframework.test.context.cache.DefaultCacheAwareContextLoaderDelegate - Retrieved ApplicationContext [427758018] from cache with key [[MergedContextConfiguration@737cef87 testClass = CrmPropertiesYamlTest, locations = '{}', classes = '{}', contextInitializerClasses = '[class org.springframework.boot.test.context.ConfigDataApplicationContextInitializer]', activeProfiles = '{}', propertySourceLocations = '{}', propertySourceProperties = '{}', contextCustomizers = set[org.springframework.boot.test.autoconfigure.actuate.metrics.MetricsExportContextCustomizerFactory$DisableMetricExportContextCustomizer@72ea2f78, org.springframework.boot.test.autoconfigure.properties.PropertyMappingContextCustomizer@0, org.springframework.boot.test.autoconfigure.web.servlet.WebDriverContextCustomizerFactory$Customizer@7b3115a5, [ImportsContextCustomizer@4579f4de key = [@org.springframework.test.context.ContextConfiguration(inheritInitializers=true, loader=org.springframework.test.context.ContextLoader.class, initializers={org.springframework.boot.test.context.ConfigDataApplicationContextInitializer.class}, classes={}, name="", locations={}, value={}, inheritLocations=true), @org.apiguardian.api.API(consumers={"*"}, since="5.0", status=STABLE), @org.junit.jupiter.api.extension.ExtendWith({org.springframework.test.context.junit.jupiter.SpringExtension.class}), @org.springframework.context.annotation.Import({org.springframework.boot.context.properties.EnableConfigurationPropertiesRegistrar.class}), @org.springframework.boot.context.properties.EnableConfigurationProperties({com.smcgow.crmapi.config.yaml.CrmProperties.class})]], org.springframework.boot.test.context.filter.ExcludeFilterContextCustomizer@2cef8481, org.springframework.boot.test.json.DuplicateJsonObjectContextCustomizerFactory$DuplicateJsonObjectContextCustomizer@77743c90, org.springframework.boot.test.mock.mockito.MockitoContextCustomizer@0], contextLoader = 'org.springframework.test.context.support.DelegatingSmartContextLoader', parent = [null]]]
21:02:34.232 [Test worker] DEBUG org.springframework.test.context.cache - Spring test ApplicationContext cache statistics: [DefaultContextCache@61a4aa39 size = 1, maxSize = 32, parentContextCount = 0, hitCount = 10, missCount = 1]
21:02:34.233 [Test worker] DEBUG org.springframework.test.context.support.AbstractDirtiesContextTestExecutionListener - After test method: context [DefaultTestContext@74c74050 testClass = CrmPropertiesYamlTest, testInstance = com.smcgow.crmapi.CrmPropertiesYamlTest@48769b0, testMethod = checkPersonAndCountryOperation@CrmPropertiesYamlTest, testException = [null], mergedContextConfiguration = [MergedContextConfiguration@737cef87 testClass = CrmPropertiesYamlTest, locations = '{}', classes = '{}', contextInitializerClasses = '[class org.springframework.boot.test.context.ConfigDataApplicationContextInitializer]', activeProfiles = '{}', propertySourceLocations = '{}', propertySourceProperties = '{}', contextCustomizers = set[org.springframework.boot.test.autoconfigure.actuate.metrics.MetricsExportContextCustomizerFactory$DisableMetricExportContextCustomizer@72ea2f78, org.springframework.boot.test.autoconfigure.properties.PropertyMappingContextCustomizer@0, org.springframework.boot.test.autoconfigure.web.servlet.WebDriverContextCustomizerFactory$Customizer@7b3115a5, [ImportsContextCustomizer@4579f4de key = [@org.springframework.test.context.ContextConfiguration(inheritInitializers=true, loader=org.springframework.test.context.ContextLoader.class, initializers={org.springframework.boot.test.context.ConfigDataApplicationContextInitializer.class}, classes={}, name="", locations={}, value={}, inheritLocations=true), @org.apiguardian.api.API(consumers={"*"}, since="5.0", status=STABLE), @org.junit.jupiter.api.extension.ExtendWith({org.springframework.test.context.junit.jupiter.SpringExtension.class}), @org.springframework.context.annotation.Import({org.springframework.boot.context.properties.EnableConfigurationPropertiesRegistrar.class}), @org.springframework.boot.context.properties.EnableConfigurationProperties({com.smcgow.crmapi.config.yaml.CrmProperties.class})]], org.springframework.boot.test.context.filter.ExcludeFilterContextCustomizer@2cef8481, org.springframework.boot.test.json.DuplicateJsonObjectContextCustomizerFactory$DuplicateJsonObjectContextCustomizer@77743c90, org.springframework.boot.test.mock.mockito.MockitoContextCustomizer@0], contextLoader = 'org.springframework.test.context.support.DelegatingSmartContextLoader', parent = [null]], attributes = map['org.springframework.test.context.event.ApplicationEventsTestExecutionListener.recordApplicationEvents' -> false]], class annotated with @DirtiesContext [false] with mode [null], method annotated with @DirtiesContext [false] with mode [null].
21:02:34.241 [Test worker] DEBUG org.springframework.test.context.support.DependencyInjectionTestExecutionListener - Performing dependency injection for test context [[DefaultTestContext@74c74050 testClass = CrmPropertiesYamlTest, testInstance = com.smcgow.crmapi.CrmPropertiesYamlTest@798b2450, testMethod = [null], testException = [null], mergedContextConfiguration = [MergedContextConfiguration@737cef87 testClass = CrmPropertiesYamlTest, locations = '{}', classes = '{}', contextInitializerClasses = '[class org.springframework.boot.test.context.ConfigDataApplicationContextInitializer]', activeProfiles = '{}', propertySourceLocations = '{}', propertySourceProperties = '{}', contextCustomizers = set[org.springframework.boot.test.autoconfigure.actuate.metrics.MetricsExportContextCustomizerFactory$DisableMetricExportContextCustomizer@72ea2f78, org.springframework.boot.test.autoconfigure.properties.PropertyMappingContextCustomizer@0, org.springframework.boot.test.autoconfigure.web.servlet.WebDriverContextCustomizerFactory$Customizer@7b3115a5, [ImportsContextCustomizer@4579f4de key = [@org.springframework.test.context.ContextConfiguration(inheritInitializers=true, loader=org.springframework.test.context.ContextLoader.class, initializers={org.springframework.boot.test.context.ConfigDataApplicationContextInitializer.class}, classes={}, name="", locations={}, value={}, inheritLocations=true), @org.apiguardian.api.API(consumers={"*"}, since="5.0", status=STABLE), @org.junit.jupiter.api.extension.ExtendWith({org.springframework.test.context.junit.jupiter.SpringExtension.class}), @org.springframework.context.annotation.Import({org.springframework.boot.context.properties.EnableConfigurationPropertiesRegistrar.class}), @org.springframework.boot.context.properties.EnableConfigurationProperties({com.smcgow.crmapi.config.yaml.CrmProperties.class})]], org.springframework.boot.test.context.filter.ExcludeFilterContextCustomizer@2cef8481, org.springframework.boot.test.json.DuplicateJsonObjectContextCustomizerFactory$DuplicateJsonObjectContextCustomizer@77743c90, org.springframework.boot.test.mock.mockito.MockitoContextCustomizer@0], contextLoader = 'org.springframework.test.context.support.DelegatingSmartContextLoader', parent = [null]], attributes = map['org.springframework.test.context.event.ApplicationEventsTestExecutionListener.recordApplicationEvents' -> false]]].
21:02:34.242 [Test worker] DEBUG org.springframework.test.context.cache.DefaultCacheAwareContextLoaderDelegate - Retrieved ApplicationContext [427758018] from cache with key [[MergedContextConfiguration@737cef87 testClass = CrmPropertiesYamlTest, locations = '{}', classes = '{}', contextInitializerClasses = '[class org.springframework.boot.test.context.ConfigDataApplicationContextInitializer]', activeProfiles = '{}', propertySourceLocations = '{}', propertySourceProperties = '{}', contextCustomizers = set[org.springframework.boot.test.autoconfigure.actuate.metrics.MetricsExportContextCustomizerFactory$DisableMetricExportContextCustomizer@72ea2f78, org.springframework.boot.test.autoconfigure.properties.PropertyMappingContextCustomizer@0, org.springframework.boot.test.autoconfigure.web.servlet.WebDriverContextCustomizerFactory$Customizer@7b3115a5, [ImportsContextCustomizer@4579f4de key = [@org.springframework.test.context.ContextConfiguration(inheritInitializers=true, loader=org.springframework.test.context.ContextLoader.class, initializers={org.springframework.boot.test.context.ConfigDataApplicationContextInitializer.class}, classes={}, name="", locations={}, value={}, inheritLocations=true), @org.apiguardian.api.API(consumers={"*"}, since="5.0", status=STABLE), @org.junit.jupiter.api.extension.ExtendWith({org.springframework.test.context.junit.jupiter.SpringExtension.class}), @org.springframework.context.annotation.Import({org.springframework.boot.context.properties.EnableConfigurationPropertiesRegistrar.class}), @org.springframework.boot.context.properties.EnableConfigurationProperties({com.smcgow.crmapi.config.yaml.CrmProperties.class})]], org.springframework.boot.test.context.filter.ExcludeFilterContextCustomizer@2cef8481, org.springframework.boot.test.json.DuplicateJsonObjectContextCustomizerFactory$DuplicateJsonObjectContextCustomizer@77743c90, org.springframework.boot.test.mock.mockito.MockitoContextCustomizer@0], contextLoader = 'org.springframework.test.context.support.DelegatingSmartContextLoader', parent = [null]]]
21:02:34.242 [Test worker] DEBUG org.springframework.test.context.cache - Spring test ApplicationContext cache statistics: [DefaultContextCache@61a4aa39 size = 1, maxSize = 32, parentContextCount = 0, hitCount = 11, missCount = 1]
21:02:34.243 [Test worker] DEBUG org.springframework.test.context.cache.DefaultCacheAwareContextLoaderDelegate - Retrieved ApplicationContext [427758018] from cache with key [[MergedContextConfiguration@737cef87 testClass = CrmPropertiesYamlTest, locations = '{}', classes = '{}', contextInitializerClasses = '[class org.springframework.boot.test.context.ConfigDataApplicationContextInitializer]', activeProfiles = '{}', propertySourceLocations = '{}', propertySourceProperties = '{}', contextCustomizers = set[org.springframework.boot.test.autoconfigure.actuate.metrics.MetricsExportContextCustomizerFactory$DisableMetricExportContextCustomizer@72ea2f78, org.springframework.boot.test.autoconfigure.properties.PropertyMappingContextCustomizer@0, org.springframework.boot.test.autoconfigure.web.servlet.WebDriverContextCustomizerFactory$Customizer@7b3115a5, [ImportsContextCustomizer@4579f4de key = [@org.springframework.test.context.ContextConfiguration(inheritInitializers=true, loader=org.springframework.test.context.ContextLoader.class, initializers={org.springframework.boot.test.context.ConfigDataApplicationContextInitializer.class}, classes={}, name="", locations={}, value={}, inheritLocations=true), @org.apiguardian.api.API(consumers={"*"}, since="5.0", status=STABLE), @org.junit.jupiter.api.extension.ExtendWith({org.springframework.test.context.junit.jupiter.SpringExtension.class}), @org.springframework.context.annotation.Import({org.springframework.boot.context.properties.EnableConfigurationPropertiesRegistrar.class}), @org.springframework.boot.context.properties.EnableConfigurationProperties({com.smcgow.crmapi.config.yaml.CrmProperties.class})]], org.springframework.boot.test.context.filter.ExcludeFilterContextCustomizer@2cef8481, org.springframework.boot.test.json.DuplicateJsonObjectContextCustomizerFactory$DuplicateJsonObjectContextCustomizer@77743c90, org.springframework.boot.test.mock.mockito.MockitoContextCustomizer@0], contextLoader = 'org.springframework.test.context.support.DelegatingSmartContextLoader', parent = [null]]]
21:02:34.244 [Test worker] DEBUG org.springframework.test.context.cache - Spring test ApplicationContext cache statistics: [DefaultContextCache@61a4aa39 size = 1, maxSize = 32, parentContextCount = 0, hitCount = 12, missCount = 1]
21:02:34.246 [Test worker] DEBUG org.springframework.test.context.support.AbstractDirtiesContextTestExecutionListener - Before test method: context [DefaultTestContext@74c74050 testClass = CrmPropertiesYamlTest, testInstance = com.smcgow.crmapi.CrmPropertiesYamlTest@798b2450, testMethod = verifyCorrectNumberOperations@CrmPropertiesYamlTest, testException = [null], mergedContextConfiguration = [MergedContextConfiguration@737cef87 testClass = CrmPropertiesYamlTest, locations = '{}', classes = '{}', contextInitializerClasses = '[class org.springframework.boot.test.context.ConfigDataApplicationContextInitializer]', activeProfiles = '{}', propertySourceLocations = '{}', propertySourceProperties = '{}', contextCustomizers = set[org.springframework.boot.test.autoconfigure.actuate.metrics.MetricsExportContextCustomizerFactory$DisableMetricExportContextCustomizer@72ea2f78, org.springframework.boot.test.autoconfigure.properties.PropertyMappingContextCustomizer@0, org.springframework.boot.test.autoconfigure.web.servlet.WebDriverContextCustomizerFactory$Customizer@7b3115a5, [ImportsContextCustomizer@4579f4de key = [@org.springframework.test.context.ContextConfiguration(inheritInitializers=true, loader=org.springframework.test.context.ContextLoader.class, initializers={org.springframework.boot.test.context.ConfigDataApplicationContextInitializer.class}, classes={}, name="", locations={}, value={}, inheritLocations=true), @org.apiguardian.api.API(consumers={"*"}, since="5.0", status=STABLE), @org.junit.jupiter.api.extension.ExtendWith({org.springframework.test.context.junit.jupiter.SpringExtension.class}), @org.springframework.context.annotation.Import({org.springframework.boot.context.properties.EnableConfigurationPropertiesRegistrar.class}), @org.springframework.boot.context.properties.EnableConfigurationProperties({com.smcgow.crmapi.config.yaml.CrmProperties.class})]], org.springframework.boot.test.context.filter.ExcludeFilterContextCustomizer@2cef8481, org.springframework.boot.test.json.DuplicateJsonObjectContextCustomizerFactory$DuplicateJsonObjectContextCustomizer@77743c90, org.springframework.boot.test.mock.mockito.MockitoContextCustomizer@0], contextLoader = 'org.springframework.test.context.support.DelegatingSmartContextLoader', parent = [null]], attributes = map['org.springframework.test.context.event.ApplicationEventsTestExecutionListener.recordApplicationEvents' -> false]], class annotated with @DirtiesContext [false] with mode [null], method annotated with @DirtiesContext [false] with mode [null].
21:02:34.247 [Test worker] DEBUG org.springframework.test.context.cache.DefaultCacheAwareContextLoaderDelegate - Retrieved ApplicationContext [427758018] from cache with key [[MergedContextConfiguration@737cef87 testClass = CrmPropertiesYamlTest, locations = '{}', classes = '{}', contextInitializerClasses = '[class org.springframework.boot.test.context.ConfigDataApplicationContextInitializer]', activeProfiles = '{}', propertySourceLocations = '{}', propertySourceProperties = '{}', contextCustomizers = set[org.springframework.boot.test.autoconfigure.actuate.metrics.MetricsExportContextCustomizerFactory$DisableMetricExportContextCustomizer@72ea2f78, org.springframework.boot.test.autoconfigure.properties.PropertyMappingContextCustomizer@0, org.springframework.boot.test.autoconfigure.web.servlet.WebDriverContextCustomizerFactory$Customizer@7b3115a5, [ImportsContextCustomizer@4579f4de key = [@org.springframework.test.context.ContextConfiguration(inheritInitializers=true, loader=org.springframework.test.context.ContextLoader.class, initializers={org.springframework.boot.test.context.ConfigDataApplicationContextInitializer.class}, classes={}, name="", locations={}, value={}, inheritLocations=true), @org.apiguardian.api.API(consumers={"*"}, since="5.0", status=STABLE), @org.junit.jupiter.api.extension.ExtendWith({org.springframework.test.context.junit.jupiter.SpringExtension.class}), @org.springframework.context.annotation.Import({org.springframework.boot.context.properties.EnableConfigurationPropertiesRegistrar.class}), @org.springframework.boot.context.properties.EnableConfigurationProperties({com.smcgow.crmapi.config.yaml.CrmProperties.class})]], org.springframework.boot.test.context.filter.ExcludeFilterContextCustomizer@2cef8481, org.springframework.boot.test.json.DuplicateJsonObjectContextCustomizerFactory$DuplicateJsonObjectContextCustomizer@77743c90, org.springframework.boot.test.mock.mockito.MockitoContextCustomizer@0], contextLoader = 'org.springframework.test.context.support.DelegatingSmartContextLoader', parent = [null]]]
21:02:34.248 [Test worker] DEBUG org.springframework.test.context.cache - Spring test ApplicationContext cache statistics: [DefaultContextCache@61a4aa39 size = 1, maxSize = 32, parentContextCount = 0, hitCount = 13, missCount = 1]
21:02:34.250 [Test worker] DEBUG org.springframework.test.context.cache.DefaultCacheAwareContextLoaderDelegate - Retrieved ApplicationContext [427758018] from cache with key [[MergedContextConfiguration@737cef87 testClass = CrmPropertiesYamlTest, locations = '{}', classes = '{}', contextInitializerClasses = '[class org.springframework.boot.test.context.ConfigDataApplicationContextInitializer]', activeProfiles = '{}', propertySourceLocations = '{}', propertySourceProperties = '{}', contextCustomizers = set[org.springframework.boot.test.autoconfigure.actuate.metrics.MetricsExportContextCustomizerFactory$DisableMetricExportContextCustomizer@72ea2f78, org.springframework.boot.test.autoconfigure.properties.PropertyMappingContextCustomizer@0, org.springframework.boot.test.autoconfigure.web.servlet.WebDriverContextCustomizerFactory$Customizer@7b3115a5, [ImportsContextCustomizer@4579f4de key = [@org.springframework.test.context.ContextConfiguration(inheritInitializers=true, loader=org.springframework.test.context.ContextLoader.class, initializers={org.springframework.boot.test.context.ConfigDataApplicationContextInitializer.class}, classes={}, name="", locations={}, value={}, inheritLocations=true), @org.apiguardian.api.API(consumers={"*"}, since="5.0", status=STABLE), @org.junit.jupiter.api.extension.ExtendWith({org.springframework.test.context.junit.jupiter.SpringExtension.class}), @org.springframework.context.annotation.Import({org.springframework.boot.context.properties.EnableConfigurationPropertiesRegistrar.class}), @org.springframework.boot.context.properties.EnableConfigurationProperties({com.smcgow.crmapi.config.yaml.CrmProperties.class})]], org.springframework.boot.test.context.filter.ExcludeFilterContextCustomizer@2cef8481, org.springframework.boot.test.json.DuplicateJsonObjectContextCustomizerFactory$DuplicateJsonObjectContextCustomizer@77743c90, org.springframework.boot.test.mock.mockito.MockitoContextCustomizer@0], contextLoader = 'org.springframework.test.context.support.DelegatingSmartContextLoader', parent = [null]]]
21:02:34.250 [Test worker] DEBUG org.springframework.test.context.cache - Spring test ApplicationContext cache statistics: [DefaultContextCache@61a4aa39 size = 1, maxSize = 32, parentContextCount = 0, hitCount = 14, missCount = 1]
21:02:34.251 [Test worker] DEBUG org.springframework.test.context.cache.DefaultCacheAwareContextLoaderDelegate - Retrieved ApplicationContext [427758018] from cache with key [[MergedContextConfiguration@737cef87 testClass = CrmPropertiesYamlTest, locations = '{}', classes = '{}', contextInitializerClasses = '[class org.springframework.boot.test.context.ConfigDataApplicationContextInitializer]', activeProfiles = '{}', propertySourceLocations = '{}', propertySourceProperties = '{}', contextCustomizers = set[org.springframework.boot.test.autoconfigure.actuate.metrics.MetricsExportContextCustomizerFactory$DisableMetricExportContextCustomizer@72ea2f78, org.springframework.boot.test.autoconfigure.properties.PropertyMappingContextCustomizer@0, org.springframework.boot.test.autoconfigure.web.servlet.WebDriverContextCustomizerFactory$Customizer@7b3115a5, [ImportsContextCustomizer@4579f4de key = [@org.springframework.test.context.ContextConfiguration(inheritInitializers=true, loader=org.springframework.test.context.ContextLoader.class, initializers={org.springframework.boot.test.context.ConfigDataApplicationContextInitializer.class}, classes={}, name="", locations={}, value={}, inheritLocations=true), @org.apiguardian.api.API(consumers={"*"}, since="5.0", status=STABLE), @org.junit.jupiter.api.extension.ExtendWith({org.springframework.test.context.junit.jupiter.SpringExtension.class}), @org.springframework.context.annotation.Import({org.springframework.boot.context.properties.EnableConfigurationPropertiesRegistrar.class}), @org.springframework.boot.context.properties.EnableConfigurationProperties({com.smcgow.crmapi.config.yaml.CrmProperties.class})]], org.springframework.boot.test.context.filter.ExcludeFilterContextCustomizer@2cef8481, org.springframework.boot.test.json.DuplicateJsonObjectContextCustomizerFactory$DuplicateJsonObjectContextCustomizer@77743c90, org.springframework.boot.test.mock.mockito.MockitoContextCustomizer@0], contextLoader = 'org.springframework.test.context.support.DelegatingSmartContextLoader', parent = [null]]]
21:02:34.252 [Test worker] DEBUG org.springframework.test.context.cache - Spring test ApplicationContext cache statistics: [DefaultContextCache@61a4aa39 size = 1, maxSize = 32, parentContextCount = 0, hitCount = 15, missCount = 1]
21:02:34.257 [Test worker] DEBUG org.springframework.test.context.cache.DefaultCacheAwareContextLoaderDelegate - Retrieved ApplicationContext [427758018] from cache with key [[MergedContextConfiguration@737cef87 testClass = CrmPropertiesYamlTest, locations = '{}', classes = '{}', contextInitializerClasses = '[class org.springframework.boot.test.context.ConfigDataApplicationContextInitializer]', activeProfiles = '{}', propertySourceLocations = '{}', propertySourceProperties = '{}', contextCustomizers = set[org.springframework.boot.test.autoconfigure.actuate.metrics.MetricsExportContextCustomizerFactory$DisableMetricExportContextCustomizer@72ea2f78, org.springframework.boot.test.autoconfigure.properties.PropertyMappingContextCustomizer@0, org.springframework.boot.test.autoconfigure.web.servlet.WebDriverContextCustomizerFactory$Customizer@7b3115a5, [ImportsContextCustomizer@4579f4de key = [@org.springframework.test.context.ContextConfiguration(inheritInitializers=true, loader=org.springframework.test.context.ContextLoader.class, initializers={org.springframework.boot.test.context.ConfigDataApplicationContextInitializer.class}, classes={}, name="", locations={}, value={}, inheritLocations=true), @org.apiguardian.api.API(consumers={"*"}, since="5.0", status=STABLE), @org.junit.jupiter.api.extension.ExtendWith({org.springframework.test.context.junit.jupiter.SpringExtension.class}), @org.springframework.context.annotation.Import({org.springframework.boot.context.properties.EnableConfigurationPropertiesRegistrar.class}), @org.springframework.boot.context.properties.EnableConfigurationProperties({com.smcgow.crmapi.config.yaml.CrmProperties.class})]], org.springframework.boot.test.context.filter.ExcludeFilterContextCustomizer@2cef8481, org.springframework.boot.test.json.DuplicateJsonObjectContextCustomizerFactory$DuplicateJsonObjectContextCustomizer@77743c90, org.springframework.boot.test.mock.mockito.MockitoContextCustomizer@0], contextLoader = 'org.springframework.test.context.support.DelegatingSmartContextLoader', parent = [null]]]
21:02:34.257 [Test worker] DEBUG org.springframework.test.context.cache - Spring test ApplicationContext cache statistics: [DefaultContextCache@61a4aa39 size = 1, maxSize = 32, parentContextCount = 0, hitCount = 16, missCount = 1]
21:02:34.258 [Test worker] DEBUG org.springframework.test.context.cache.DefaultCacheAwareContextLoaderDelegate - Retrieved ApplicationContext [427758018] from cache with key [[MergedContextConfiguration@737cef87 testClass = CrmPropertiesYamlTest, locations = '{}', classes = '{}', contextInitializerClasses = '[class org.springframework.boot.test.context.ConfigDataApplicationContextInitializer]', activeProfiles = '{}', propertySourceLocations = '{}', propertySourceProperties = '{}', contextCustomizers = set[org.springframework.boot.test.autoconfigure.actuate.metrics.MetricsExportContextCustomizerFactory$DisableMetricExportContextCustomizer@72ea2f78, org.springframework.boot.test.autoconfigure.properties.PropertyMappingContextCustomizer@0, org.springframework.boot.test.autoconfigure.web.servlet.WebDriverContextCustomizerFactory$Customizer@7b3115a5, [ImportsContextCustomizer@4579f4de key = [@org.springframework.test.context.ContextConfiguration(inheritInitializers=true, loader=org.springframework.test.context.ContextLoader.class, initializers={org.springframework.boot.test.context.ConfigDataApplicationContextInitializer.class}, classes={}, name="", locations={}, value={}, inheritLocations=true), @org.apiguardian.api.API(consumers={"*"}, since="5.0", status=STABLE), @org.junit.jupiter.api.extension.ExtendWith({org.springframework.test.context.junit.jupiter.SpringExtension.class}), @org.springframework.context.annotation.Import({org.springframework.boot.context.properties.EnableConfigurationPropertiesRegistrar.class}), @org.springframework.boot.context.properties.EnableConfigurationProperties({com.smcgow.crmapi.config.yaml.CrmProperties.class})]], org.springframework.boot.test.context.filter.ExcludeFilterContextCustomizer@2cef8481, org.springframework.boot.test.json.DuplicateJsonObjectContextCustomizerFactory$DuplicateJsonObjectContextCustomizer@77743c90, org.springframework.boot.test.mock.mockito.MockitoContextCustomizer@0], contextLoader = 'org.springframework.test.context.support.DelegatingSmartContextLoader', parent = [null]]]
21:02:34.258 [Test worker] DEBUG org.springframework.test.context.cache - Spring test ApplicationContext cache statistics: [DefaultContextCache@61a4aa39 size = 1, maxSize = 32, parentContextCount = 0, hitCount = 17, missCount = 1]
21:02:34.260 [Test worker] DEBUG org.springframework.test.context.cache.DefaultCacheAwareContextLoaderDelegate - Retrieved ApplicationContext [427758018] from cache with key [[MergedContextConfiguration@737cef87 testClass = CrmPropertiesYamlTest, locations = '{}', classes = '{}', contextInitializerClasses = '[class org.springframework.boot.test.context.ConfigDataApplicationContextInitializer]', activeProfiles = '{}', propertySourceLocations = '{}', propertySourceProperties = '{}', contextCustomizers = set[org.springframework.boot.test.autoconfigure.actuate.metrics.MetricsExportContextCustomizerFactory$DisableMetricExportContextCustomizer@72ea2f78, org.springframework.boot.test.autoconfigure.properties.PropertyMappingContextCustomizer@0, org.springframework.boot.test.autoconfigure.web.servlet.WebDriverContextCustomizerFactory$Customizer@7b3115a5, [ImportsContextCustomizer@4579f4de key = [@org.springframework.test.context.ContextConfiguration(inheritInitializers=true, loader=org.springframework.test.context.ContextLoader.class, initializers={org.springframework.boot.test.context.ConfigDataApplicationContextInitializer.class}, classes={}, name="", locations={}, value={}, inheritLocations=true), @org.apiguardian.api.API(consumers={"*"}, since="5.0", status=STABLE), @org.junit.jupiter.api.extension.ExtendWith({org.springframework.test.context.junit.jupiter.SpringExtension.class}), @org.springframework.context.annotation.Import({org.springframework.boot.context.properties.EnableConfigurationPropertiesRegistrar.class}), @org.springframework.boot.context.properties.EnableConfigurationProperties({com.smcgow.crmapi.config.yaml.CrmProperties.class})]], org.springframework.boot.test.context.filter.ExcludeFilterContextCustomizer@2cef8481, org.springframework.boot.test.json.DuplicateJsonObjectContextCustomizerFactory$DuplicateJsonObjectContextCustomizer@77743c90, org.springframework.boot.test.mock.mockito.MockitoContextCustomizer@0], contextLoader = 'org.springframework.test.context.support.DelegatingSmartContextLoader', parent = [null]]]
21:02:34.260 [Test worker] DEBUG org.springframework.test.context.cache - Spring test ApplicationContext cache statistics: [DefaultContextCache@61a4aa39 size = 1, maxSize = 32, parentContextCount = 0, hitCount = 18, missCount = 1]
21:02:34.260 [Test worker] DEBUG org.springframework.test.context.cache.DefaultCacheAwareContextLoaderDelegate - Retrieved ApplicationContext [427758018] from cache with key [[MergedContextConfiguration@737cef87 testClass = CrmPropertiesYamlTest, locations = '{}', classes = '{}', contextInitializerClasses = '[class org.springframework.boot.test.context.ConfigDataApplicationContextInitializer]', activeProfiles = '{}', propertySourceLocations = '{}', propertySourceProperties = '{}', contextCustomizers = set[org.springframework.boot.test.autoconfigure.actuate.metrics.MetricsExportContextCustomizerFactory$DisableMetricExportContextCustomizer@72ea2f78, org.springframework.boot.test.autoconfigure.properties.PropertyMappingContextCustomizer@0, org.springframework.boot.test.autoconfigure.web.servlet.WebDriverContextCustomizerFactory$Customizer@7b3115a5, [ImportsContextCustomizer@4579f4de key = [@org.springframework.test.context.ContextConfiguration(inheritInitializers=true, loader=org.springframework.test.context.ContextLoader.class, initializers={org.springframework.boot.test.context.ConfigDataApplicationContextInitializer.class}, classes={}, name="", locations={}, value={}, inheritLocations=true), @org.apiguardian.api.API(consumers={"*"}, since="5.0", status=STABLE), @org.junit.jupiter.api.extension.ExtendWith({org.springframework.test.context.junit.jupiter.SpringExtension.class}), @org.springframework.context.annotation.Import({org.springframework.boot.context.properties.EnableConfigurationPropertiesRegistrar.class}), @org.springframework.boot.context.properties.EnableConfigurationProperties({com.smcgow.crmapi.config.yaml.CrmProperties.class})]], org.springframework.boot.test.context.filter.ExcludeFilterContextCustomizer@2cef8481, org.springframework.boot.test.json.DuplicateJsonObjectContextCustomizerFactory$DuplicateJsonObjectContextCustomizer@77743c90, org.springframework.boot.test.mock.mockito.MockitoContextCustomizer@0], contextLoader = 'org.springframework.test.context.support.DelegatingSmartContextLoader', parent = [null]]]
21:02:34.260 [Test worker] DEBUG org.springframework.test.context.cache - Spring test ApplicationContext cache statistics: [DefaultContextCache@61a4aa39 size = 1, maxSize = 32, parentContextCount = 0, hitCount = 19, missCount = 1]
21:02:34.261 [Test worker] DEBUG org.springframework.test.context.cache.DefaultCacheAwareContextLoaderDelegate - Retrieved ApplicationContext [427758018] from cache with key [[MergedContextConfiguration@737cef87 testClass = CrmPropertiesYamlTest, locations = '{}', classes = '{}', contextInitializerClasses = '[class org.springframework.boot.test.context.ConfigDataApplicationContextInitializer]', activeProfiles = '{}', propertySourceLocations = '{}', propertySourceProperties = '{}', contextCustomizers = set[org.springframework.boot.test.autoconfigure.actuate.metrics.MetricsExportContextCustomizerFactory$DisableMetricExportContextCustomizer@72ea2f78, org.springframework.boot.test.autoconfigure.properties.PropertyMappingContextCustomizer@0, org.springframework.boot.test.autoconfigure.web.servlet.WebDriverContextCustomizerFactory$Customizer@7b3115a5, [ImportsContextCustomizer@4579f4de key = [@org.springframework.test.context.ContextConfiguration(inheritInitializers=true, loader=org.springframework.test.context.ContextLoader.class, initializers={org.springframework.boot.test.context.ConfigDataApplicationContextInitializer.class}, classes={}, name="", locations={}, value={}, inheritLocations=true), @org.apiguardian.api.API(consumers={"*"}, since="5.0", status=STABLE), @org.junit.jupiter.api.extension.ExtendWith({org.springframework.test.context.junit.jupiter.SpringExtension.class}), @org.springframework.context.annotation.Import({org.springframework.boot.context.properties.EnableConfigurationPropertiesRegistrar.class}), @org.springframework.boot.context.properties.EnableConfigurationProperties({com.smcgow.crmapi.config.yaml.CrmProperties.class})]], org.springframework.boot.test.context.filter.ExcludeFilterContextCustomizer@2cef8481, org.springframework.boot.test.json.DuplicateJsonObjectContextCustomizerFactory$DuplicateJsonObjectContextCustomizer@77743c90, org.springframework.boot.test.mock.mockito.MockitoContextCustomizer@0], contextLoader = 'org.springframework.test.context.support.DelegatingSmartContextLoader', parent = [null]]]
21:02:34.261 [Test worker] DEBUG org.springframework.test.context.cache - Spring test ApplicationContext cache statistics: [DefaultContextCache@61a4aa39 size = 1, maxSize = 32, parentContextCount = 0, hitCount = 20, missCount = 1]
21:02:34.263 [Test worker] DEBUG org.springframework.test.context.cache.DefaultCacheAwareContextLoaderDelegate - Retrieved ApplicationContext [427758018] from cache with key [[MergedContextConfiguration@737cef87 testClass = CrmPropertiesYamlTest, locations = '{}', classes = '{}', contextInitializerClasses = '[class org.springframework.boot.test.context.ConfigDataApplicationContextInitializer]', activeProfiles = '{}', propertySourceLocations = '{}', propertySourceProperties = '{}', contextCustomizers = set[org.springframework.boot.test.autoconfigure.actuate.metrics.MetricsExportContextCustomizerFactory$DisableMetricExportContextCustomizer@72ea2f78, org.springframework.boot.test.autoconfigure.properties.PropertyMappingContextCustomizer@0, org.springframework.boot.test.autoconfigure.web.servlet.WebDriverContextCustomizerFactory$Customizer@7b3115a5, [ImportsContextCustomizer@4579f4de key = [@org.springframework.test.context.ContextConfiguration(inheritInitializers=true, loader=org.springframework.test.context.ContextLoader.class, initializers={org.springframework.boot.test.context.ConfigDataApplicationContextInitializer.class}, classes={}, name="", locations={}, value={}, inheritLocations=true), @org.apiguardian.api.API(consumers={"*"}, since="5.0", status=STABLE), @org.junit.jupiter.api.extension.ExtendWith({org.springframework.test.context.junit.jupiter.SpringExtension.class}), @org.springframework.context.annotation.Import({org.springframework.boot.context.properties.EnableConfigurationPropertiesRegistrar.class}), @org.springframework.boot.context.properties.EnableConfigurationProperties({com.smcgow.crmapi.config.yaml.CrmProperties.class})]], org.springframework.boot.test.context.filter.ExcludeFilterContextCustomizer@2cef8481, org.springframework.boot.test.json.DuplicateJsonObjectContextCustomizerFactory$DuplicateJsonObjectContextCustomizer@77743c90, org.springframework.boot.test.mock.mockito.MockitoContextCustomizer@0], contextLoader = 'org.springframework.test.context.support.DelegatingSmartContextLoader', parent = [null]]]
21:02:34.264 [Test worker] DEBUG org.springframework.test.context.cache - Spring test ApplicationContext cache statistics: [DefaultContextCache@61a4aa39 size = 1, maxSize = 32, parentContextCount = 0, hitCount = 21, missCount = 1]
21:02:34.265 [Test worker] DEBUG org.springframework.test.context.support.AbstractDirtiesContextTestExecutionListener - After test method: context [DefaultTestContext@74c74050 testClass = CrmPropertiesYamlTest, testInstance = com.smcgow.crmapi.CrmPropertiesYamlTest@798b2450, testMethod = verifyCorrectNumberOperations@CrmPropertiesYamlTest, testException = [null], mergedContextConfiguration = [MergedContextConfiguration@737cef87 testClass = CrmPropertiesYamlTest, locations = '{}', classes = '{}', contextInitializerClasses = '[class org.springframework.boot.test.context.ConfigDataApplicationContextInitializer]', activeProfiles = '{}', propertySourceLocations = '{}', propertySourceProperties = '{}', contextCustomizers = set[org.springframework.boot.test.autoconfigure.actuate.metrics.MetricsExportContextCustomizerFactory$DisableMetricExportContextCustomizer@72ea2f78, org.springframework.boot.test.autoconfigure.properties.PropertyMappingContextCustomizer@0, org.springframework.boot.test.autoconfigure.web.servlet.WebDriverContextCustomizerFactory$Customizer@7b3115a5, [ImportsContextCustomizer@4579f4de key = [@org.springframework.test.context.ContextConfiguration(inheritInitializers=true, loader=org.springframework.test.context.ContextLoader.class, initializers={org.springframework.boot.test.context.ConfigDataApplicationContextInitializer.class}, classes={}, name="", locations={}, value={}, inheritLocations=true), @org.apiguardian.api.API(consumers={"*"}, since="5.0", status=STABLE), @org.junit.jupiter.api.extension.ExtendWith({org.springframework.test.context.junit.jupiter.SpringExtension.class}), @org.springframework.context.annotation.Import({org.springframework.boot.context.properties.EnableConfigurationPropertiesRegistrar.class}), @org.springframework.boot.context.properties.EnableConfigurationProperties({com.smcgow.crmapi.config.yaml.CrmProperties.class})]], org.springframework.boot.test.context.filter.ExcludeFilterContextCustomizer@2cef8481, org.springframework.boot.test.json.DuplicateJsonObjectContextCustomizerFactory$DuplicateJsonObjectContextCustomizer@77743c90, org.springframework.boot.test.mock.mockito.MockitoContextCustomizer@0], contextLoader = 'org.springframework.test.context.support.DelegatingSmartContextLoader', parent = [null]], attributes = map['org.springframework.test.context.event.ApplicationEventsTestExecutionListener.recordApplicationEvents' -> false]], class annotated with @DirtiesContext [false] with mode [null], method annotated with @DirtiesContext [false] with mode [null].
21:02:34.268 [Test worker] DEBUG org.springframework.test.context.cache.DefaultCacheAwareContextLoaderDelegate - Retrieved ApplicationContext [427758018] from cache with key [[MergedContextConfiguration@737cef87 testClass = CrmPropertiesYamlTest, locations = '{}', classes = '{}', contextInitializerClasses = '[class org.springframework.boot.test.context.ConfigDataApplicationContextInitializer]', activeProfiles = '{}', propertySourceLocations = '{}', propertySourceProperties = '{}', contextCustomizers = set[org.springframework.boot.test.autoconfigure.actuate.metrics.MetricsExportContextCustomizerFactory$DisableMetricExportContextCustomizer@72ea2f78, org.springframework.boot.test.autoconfigure.properties.PropertyMappingContextCustomizer@0, org.springframework.boot.test.autoconfigure.web.servlet.WebDriverContextCustomizerFactory$Customizer@7b3115a5, [ImportsContextCustomizer@4579f4de key = [@org.springframework.test.context.ContextConfiguration(inheritInitializers=true, loader=org.springframework.test.context.ContextLoader.class, initializers={org.springframework.boot.test.context.ConfigDataApplicationContextInitializer.class}, classes={}, name="", locations={}, value={}, inheritLocations=true), @org.apiguardian.api.API(consumers={"*"}, since="5.0", status=STABLE), @org.junit.jupiter.api.extension.ExtendWith({org.springframework.test.context.junit.jupiter.SpringExtension.class}), @org.springframework.context.annotation.Import({org.springframework.boot.context.properties.EnableConfigurationPropertiesRegistrar.class}), @org.springframework.boot.context.properties.EnableConfigurationProperties({com.smcgow.crmapi.config.yaml.CrmProperties.class})]], org.springframework.boot.test.context.filter.ExcludeFilterContextCustomizer@2cef8481, org.springframework.boot.test.json.DuplicateJsonObjectContextCustomizerFactory$DuplicateJsonObjectContextCustomizer@77743c90, org.springframework.boot.test.mock.mockito.MockitoContextCustomizer@0], contextLoader = 'org.springframework.test.context.support.DelegatingSmartContextLoader', parent = [null]]]
21:02:34.269 [Test worker] DEBUG org.springframework.test.context.cache - Spring test ApplicationContext cache statistics: [DefaultContextCache@61a4aa39 size = 1, maxSize = 32, parentContextCount = 0, hitCount = 22, missCount = 1]
21:02:34.270 [Test worker] DEBUG org.springframework.test.context.support.AbstractDirtiesContextTestExecutionListener - After test class: context [DefaultTestContext@74c74050 testClass = CrmPropertiesYamlTest, testInstance = [null], testMethod = [null], testException = [null], mergedContextConfiguration = [MergedContextConfiguration@737cef87 testClass = CrmPropertiesYamlTest, locations = '{}', classes = '{}', contextInitializerClasses = '[class org.springframework.boot.test.context.ConfigDataApplicationContextInitializer]', activeProfiles = '{}', propertySourceLocations = '{}', propertySourceProperties = '{}', contextCustomizers = set[org.springframework.boot.test.autoconfigure.actuate.metrics.MetricsExportContextCustomizerFactory$DisableMetricExportContextCustomizer@72ea2f78, org.springframework.boot.test.autoconfigure.properties.PropertyMappingContextCustomizer@0, org.springframework.boot.test.autoconfigure.web.servlet.WebDriverContextCustomizerFactory$Customizer@7b3115a5, [ImportsContextCustomizer@4579f4de key = [@org.springframework.test.context.ContextConfiguration(inheritInitializers=true, loader=org.springframework.test.context.ContextLoader.class, initializers={org.springframework.boot.test.context.ConfigDataApplicationContextInitializer.class}, classes={}, name="", locations={}, value={}, inheritLocations=true), @org.apiguardian.api.API(consumers={"*"}, since="5.0", status=STABLE), @org.junit.jupiter.api.extension.ExtendWith({org.springframework.test.context.junit.jupiter.SpringExtension.class}), @org.springframework.context.annotation.Import({org.springframework.boot.context.properties.EnableConfigurationPropertiesRegistrar.class}), @org.springframework.boot.context.properties.EnableConfigurationProperties({com.smcgow.crmapi.config.yaml.CrmProperties.class})]], org.springframework.boot.test.context.filter.ExcludeFilterContextCustomizer@2cef8481, org.springframework.boot.test.json.DuplicateJsonObjectContextCustomizerFactory$DuplicateJsonObjectContextCustomizer@77743c90, org.springframework.boot.test.mock.mockito.MockitoContextCustomizer@0], contextLoader = 'org.springframework.test.context.support.DelegatingSmartContextLoader', parent = [null]], attributes = map['org.springframework.test.context.event.ApplicationEventsTestExecutionListener.recordApplicationEvents' -> false]], class annotated with @DirtiesContext [false] with mode [null].
]]></system-out>
  <system-err><![CDATA[]]></system-err>
</testsuite>
